nodes 875713
read file end
reading time->execute 2189.417000
n_steps 1
sum 0.825203
n_steps 2
sum 0.317627
n_steps 3
sum 0.142250
n_steps 4
sum 0.071782
n_steps 5
sum 0.040542
n_steps 6
sum 0.025510
n_steps 7
sum 0.016992
n_steps 8
sum 0.011855
n_steps 9
sum 0.008473
n_steps 10
sum 0.006184
n_steps 11
sum 0.004567
n_steps 12
sum 0.003415
n_steps 13
sum 0.002569
n_steps 14
sum 0.001948
n_steps 15
sum 0.001484
n_steps 16
sum 0.001137
n_steps 17
sum 0.000874
n_steps 18
sum 0.000675
n_steps 19
sum 0.000522
n_steps 20
sum 0.000405
n_steps 21
sum 0.000315
n_steps 22
sum 0.000245
n_steps 23
sum 0.000192
n_steps 24
sum 0.000150
n_steps 25
sum 0.000117
n_steps 26
sum 0.000092
n_steps 27
sum 0.000072
n_steps 28
sum 0.000057
n_steps 29
sum 0.000045
n_steps 30
sum 0.000035
n_steps 31
sum 0.000028
n_steps 32
sum 0.000022
n_steps 33
sum 0.000017
n_steps 34
sum 0.000014
n_steps 35
sum 0.000011
n_steps 36
sum 0.000009
answer 99 0.00000037220
elapsed time->execute 2286.286000
